{
  "RSpec": {
    "coverage": {
      "/Users/zachbergman/Documents/turing_work/4mod/the_tea/config/environment.rb": {
        "lines": [
          null,
          1,
          null,
          null,
          1
        ]
      },
      "/Users/zachbergman/Documents/turing_work/4mod/the_tea/config/application.rb": {
        "lines": [
          1,
          null,
          1,
          null,
          1,
          1,
          1,
          1,
          1,
          1,
          1,
          1,
          1,
          1,
          null,
          null,
          null,
          null,
          1,
          null,
          1,
          1,
          null,
          1,
          null,
          null,
          null,
          null,
          1,
          null,
          null,
          null,
          null,
          null,
          null,
          null,
          null,
          null,
          null,
          null,
          null,
          1,
          null,
          null
        ]
      },
      "/Users/zachbergman/Documents/turing_work/4mod/the_tea/config/boot.rb": {
        "lines": [
          1,
          null,
          1,
          1
        ]
      },
      "/Users/zachbergman/Documents/turing_work/4mod/the_tea/config/environments/test.rb": {
        "lines": [
          1,
          null,
          null,
          null,
          null,
          null,
          null,
          1,
          null,
          null,
          null,
          1,
          null,
          null,
          null,
          null,
          null,
          1,
          null,
          null,
          1,
          1,
          null,
          null,
          null,
          null,
          1,
          1,
          1,
          null,
          null,
          1,
          null,
          null,
          1,
          null,
          null,
          1,
          null,
          1,
          null,
          null,
          null,
          null,
          1,
          null,
          null,
          1,
          null,
          null,
          1,
          null,
          null,
          1,
          null,
          null,
          null,
          null,
          null,
          null,
          null,
          null,
          1,
          null
        ]
      },
      "/Users/zachbergman/Documents/turing_work/4mod/the_tea/config/initializers/cors.rb": {
        "lines": [
          null,
          null,
          null,
          null,
          null,
          null,
          null,
          null,
          null,
          null,
          null,
          null,
          null,
          null,
          null,
          null
        ]
      },
      "/Users/zachbergman/Documents/turing_work/4mod/the_tea/config/initializers/filter_parameter_logging.rb": {
        "lines": [
          null,
          null,
          null,
          null,
          null,
          1,
          null,
          null
        ]
      },
      "/Users/zachbergman/Documents/turing_work/4mod/the_tea/config/initializers/inflections.rb": {
        "lines": [
          null,
          null,
          null,
          null,
          null,
          null,
          null,
          null,
          null,
          null,
          null,
          null,
          null,
          null,
          null,
          null
        ]
      },
      "/Users/zachbergman/Documents/turing_work/4mod/the_tea/spec/factories/customer_subscriptions.rb": {
        "lines": [
          1,
          1,
          1,
          1,
          1,
          null,
          null
        ]
      },
      "/Users/zachbergman/Documents/turing_work/4mod/the_tea/spec/factories/customers.rb": {
        "lines": [
          1,
          1,
          3,
          3,
          3,
          3,
          null,
          null
        ]
      },
      "/Users/zachbergman/Documents/turing_work/4mod/the_tea/spec/factories/subscriptions.rb": {
        "lines": [
          1,
          1,
          5,
          5,
          5,
          5,
          null,
          null
        ]
      },
      "/Users/zachbergman/Documents/turing_work/4mod/the_tea/spec/factories/teas.rb": {
        "lines": [
          1,
          1,
          1,
          1,
          1,
          1,
          null,
          null
        ]
      },
      "/Users/zachbergman/Documents/turing_work/4mod/the_tea/config/routes.rb": {
        "lines": [
          1,
          null,
          null,
          null,
          null,
          1,
          null,
          null,
          null,
          null,
          1,
          1,
          1,
          null,
          null,
          null
        ]
      },
      "/Users/zachbergman/Documents/turing_work/4mod/the_tea/app/models/customer.rb": {
        "lines": [
          1,
          1,
          1,
          null,
          1,
          1,
          1,
          1,
          null
        ]
      },
      "/Users/zachbergman/Documents/turing_work/4mod/the_tea/app/models/application_record.rb": {
        "lines": [
          1,
          1,
          null
        ]
      },
      "/Users/zachbergman/Documents/turing_work/4mod/the_tea/app/models/subscription.rb": {
        "lines": [
          1,
          1,
          1,
          null,
          1,
          1,
          1,
          null,
          1,
          null
        ]
      },
      "/Users/zachbergman/Documents/turing_work/4mod/the_tea/app/controllers/api/v1/customer_subscriptions_controller.rb": {
        "lines": [
          1,
          1,
          1,
          1,
          null,
          1,
          null,
          null,
          1,
          null,
          1,
          1,
          null,
          null
        ]
      },
      "/Users/zachbergman/Documents/turing_work/4mod/the_tea/app/controllers/application_controller.rb": {
        "lines": [
          1,
          null
        ]
      },
      "/Users/zachbergman/Documents/turing_work/4mod/the_tea/app/models/customer_subscription.rb": {
        "lines": [
          1,
          1,
          1,
          null,
          1,
          1,
          1,
          null,
          1,
          null
        ]
      },
      "/Users/zachbergman/Documents/turing_work/4mod/the_tea/app/serializers/customer_subscription_serializer.rb": {
        "lines": [
          1,
          1,
          null,
          1,
          1,
          null,
          1,
          null,
          1,
          1,
          null,
          null,
          1,
          1,
          null,
          null,
          1,
          1,
          null,
          null
        ]
      },
      "/Users/zachbergman/Documents/turing_work/4mod/the_tea/app/serializers/customer_serializer.rb": {
        "lines": [
          1,
          1,
          null,
          1,
          null,
          1,
          1,
          null
        ]
      },
      "/Users/zachbergman/Documents/turing_work/4mod/the_tea/app/serializers/subscription_serializer.rb": {
        "lines": [
          1,
          1,
          null,
          1,
          null,
          1,
          1,
          null
        ]
      }
    },
    "timestamp": 1723827125
  }
}
